{
  "customer" : {
    "id" : 1,
    "name" : "customer1",
    "password" : "$2a$10$YMs3QL44GMSvyQX6F5ZE8ek2PH0dLKLb2nQUSxB8YPNf38MaNIoau",
    "pageUrl" : "/customers/1",
    "userType" : "Customer",
    "profileImgUrl" : "/styles/images/profile-white.png",
    "balance" : 0.00,
    "type" : "Customer"
  },
  "allPrograms" : [ {
    "id" : 2,
    "name" : "Insurgency",
    "price" : 360.00,
    "fullDescription" : "В этой многопользовательской и кооперавтивной игре Вы сражаетесь в кровавых боях на улицах, лицом к лицу с врагом, где выживание Вашей команды зависит от контроля важных точек и уничтожения вражеских боеприпасов, все оперирующее на движке Source.",
    "developerId" : 1,
    "shortDescription" : "В этой многопользовательской и кооперавтивной игре Вы сражаетесь в кровавых боях на улицах, лицом к лицу с врагом, где выживание Вашей команды зависит от контроля важных точек и уничтожения вражеских боеприпасов, все оперирующее на движке Source.",
    "categories" : [ {
      "id" : 3,
      "name" : "Шутер",
      "degreeOfBelonging" : 8,
      "programId" : 2
    }, {
      "id" : 4,
      "name" : "От первого лица",
      "degreeOfBelonging" : 9,
      "programId" : 2
    } ],
    "averageEstimation" : 0.0,
    "nameForPath" : "Insurgency",
    "winInstaller" : null,
    "linuxInstaller" : null,
    "macosInstaller" : null,
    "headerImg" : null,
    "screenshots" : null,
    "logo" : null,
    "headerUrl" : "/uploads/program/2/logo.png",
    "isInCart" : false,
    "hasReview" : false,
    "isPurchased" : false,
    "pageUrl" : "/programs/2",
    "logoUrl" : "/uploads/program/2/logo.png",
    "screenshotsUrls" : [ "/uploads/program/2/sh01.jpg", "/uploads/program/2/sh02.jpg", "/uploads/program/2/sh03.jpg", "/uploads/program/2/sh04.jpg", "/uploads/program/2/sh05.jpg", "/uploads/program/2/sh06.jpg", "/uploads/program/2/sh07.jpg", "/uploads/program/2/sh08.jpg", "/uploads/program/2/sh09.jpg", "/uploads/program/2/sh10.jpg" ],
    "priceAsString" : "360 руб.",
    "tagsAsString" : "Шутер, От первого лица"
  }, {
    "id" : 1,
    "name" : "BeamNG.drive",
    "price" : 880.00,
    "fullDescription" : "BeamNG.drive - невероятно реалистичный автосимулятор с практически безграничными возможностями. В основе игры лежит система физики мягких объектов, способная правдоподобно моделировать компоненты автомобиля в реальном времени. Благодаря годам кропотливой разработки, исследований и испытаний, BeamNG.drive способен передать весь восторг вождения в реальном мире.",
    "developerId" : 1,
    "shortDescription" : "Основанный на физике мягких объектов автомобильный симулятор, способный практически на всё.",
    "categories" : [ {
      "id" : 2,
      "name" : "От третьего лица",
      "degreeOfBelonging" : 2,
      "programId" : 1
    }, {
      "id" : 1,
      "name" : "Гонки",
      "degreeOfBelonging" : 3,
      "programId" : 1
    }, {
      "id" : 10,
      "name" : "Симулятор",
      "degreeOfBelonging" : 8,
      "programId" : 1
    } ],
    "averageEstimation" : 4.5,
    "nameForPath" : "BeamNG.drive",
    "winInstaller" : null,
    "linuxInstaller" : null,
    "macosInstaller" : null,
    "headerImg" : null,
    "screenshots" : null,
    "logo" : null,
    "headerUrl" : "/uploads/program/1/logo.png",
    "isInCart" : false,
    "hasReview" : false,
    "isPurchased" : false,
    "pageUrl" : "/programs/1",
    "logoUrl" : "/uploads/program/1/logo.png",
    "screenshotsUrls" : [ "/uploads/program/1/sh01.jpg", "/uploads/program/1/sh02.jpg", "/uploads/program/1/sh03.jpg", "/uploads/program/1/sh04.jpg", "/uploads/program/1/sh05.jpg", "/uploads/program/1/sh06.jpg", "/uploads/program/1/sh07.jpg", "/uploads/program/1/sh08.jpg", "/uploads/program/1/sh09.jpg", "/uploads/program/1/sh10.jpg" ],
    "priceAsString" : "880 руб.",
    "tagsAsString" : "От третьего лица, Гонки, Симулятор"
  } ],
  "recommendations" : [ {
    "program" : {
      "id" : 1,
      "name" : "BeamNG.drive",
      "price" : 880.00,
      "fullDescription" : "BeamNG.drive - невероятно реалистичный автосимулятор с практически безграничными возможностями. В основе игры лежит система физики мягких объектов, способная правдоподобно моделировать компоненты автомобиля в реальном времени. Благодаря годам кропотливой разработки, исследований и испытаний, BeamNG.drive способен передать весь восторг вождения в реальном мире.",
      "developerId" : 1,
      "shortDescription" : "Основанный на физике мягких объектов автомобильный симулятор, способный практически на всё.",
      "categories" : [ {
        "id" : 2,
        "name" : "От третьего лица",
        "degreeOfBelonging" : 2,
        "programId" : 1
      }, {
        "id" : 1,
        "name" : "Гонки",
        "degreeOfBelonging" : 3,
        "programId" : 1
      }, {
        "id" : 10,
        "name" : "Симулятор",
        "degreeOfBelonging" : 8,
        "programId" : 1
      } ],
      "averageEstimation" : 4.5,
      "nameForPath" : "BeamNG.drive",
      "winInstaller" : null,
      "linuxInstaller" : null,
      "macosInstaller" : null,
      "headerImg" : null,
      "screenshots" : null,
      "logo" : null,
      "headerUrl" : "/uploads/program/1/logo.png",
      "isInCart" : false,
      "hasReview" : false,
      "isPurchased" : false,
      "pageUrl" : "/programs/1",
      "logoUrl" : "/uploads/program/1/logo.png",
      "screenshotsUrls" : [ "/uploads/program/1/sh01.jpg", "/uploads/program/1/sh02.jpg", "/uploads/program/1/sh03.jpg", "/uploads/program/1/sh04.jpg", "/uploads/program/1/sh05.jpg", "/uploads/program/1/sh06.jpg", "/uploads/program/1/sh07.jpg", "/uploads/program/1/sh08.jpg", "/uploads/program/1/sh09.jpg", "/uploads/program/1/sh10.jpg" ],
      "priceAsString" : "880 руб.",
      "tagsAsString" : "От третьего лица, Гонки, Симулятор"
    },
    "euclideanDistance" : 8.18996676156598
  }, {
    "program" : {
      "id" : 2,
      "name" : "Insurgency",
      "price" : 360.00,
      "fullDescription" : "В этой многопользовательской и кооперавтивной игре Вы сражаетесь в кровавых боях на улицах, лицом к лицу с врагом, где выживание Вашей команды зависит от контроля важных точек и уничтожения вражеских боеприпасов, все оперирующее на движке Source.",
      "developerId" : 1,
      "shortDescription" : "В этой многопользовательской и кооперавтивной игре Вы сражаетесь в кровавых боях на улицах, лицом к лицу с врагом, где выживание Вашей команды зависит от контроля важных точек и уничтожения вражеских боеприпасов, все оперирующее на движке Source.",
      "categories" : [ {
        "id" : 3,
        "name" : "Шутер",
        "degreeOfBelonging" : 8,
        "programId" : 2
      }, {
        "id" : 4,
        "name" : "От первого лица",
        "degreeOfBelonging" : 9,
        "programId" : 2
      } ],
      "averageEstimation" : 0.0,
      "nameForPath" : "Insurgency",
      "winInstaller" : null,
      "linuxInstaller" : null,
      "macosInstaller" : null,
      "headerImg" : null,
      "screenshots" : null,
      "logo" : null,
      "headerUrl" : "/uploads/program/2/logo.png",
      "isInCart" : false,
      "hasReview" : false,
      "isPurchased" : false,
      "pageUrl" : "/programs/2",
      "logoUrl" : "/uploads/program/2/logo.png",
      "screenshotsUrls" : [ "/uploads/program/2/sh01.jpg", "/uploads/program/2/sh02.jpg", "/uploads/program/2/sh03.jpg", "/uploads/program/2/sh04.jpg", "/uploads/program/2/sh05.jpg", "/uploads/program/2/sh06.jpg", "/uploads/program/2/sh07.jpg", "/uploads/program/2/sh08.jpg", "/uploads/program/2/sh09.jpg", "/uploads/program/2/sh10.jpg" ],
      "priceAsString" : "360 руб.",
      "tagsAsString" : "Шутер, От первого лица"
    },
    "euclideanDistance" : 11.966991639041488
  } ],
  "dateTime" : "2025-03-10 12-14-17"
}