{
  "customer" : {
    "id" : 1,
    "name" : "customer1",
    "password" : "$2a$10$YMs3QL44GMSvyQX6F5ZE8ek2PH0dLKLb2nQUSxB8YPNf38MaNIoau",
    "pageUrl" : "/customers/1",
    "userType" : "Customer",
    "profileImgUrl" : "/styles/images/profile-white.png",
    "balance" : 0.00,
    "type" : "Customer"
  },
  "allPrograms" : [ {
    "id" : 17,
    "name" : "Word",
    "price" : 1499.00,
    "fullDescription" : "Microsoft Word — это мощный текстовый редактор, который позволяет пользователям создавать, редактировать и форматировать документы различной сложности. Он входит в состав пакета Microsoft Office и является одной из самых популярных программ для работы с текстом.\n\nОсновные функции:\n1. Создание и редактирование текста:\n2. Поддержка различных шрифтов, размеров и стилей текста.\n3. Возможность выравнивания текста, создания списков и колонок.\n\nФорматирование документов:\n1. Использование стилей для заголовков, подзаголовков и основного текста.\n2. Настройка полей, отступов и интервалов.\n\nРабота с графикой:\n1. Вставка изображений, фигур, диаграмм и SmartArt.\n2. Возможность настройки обтекания текста вокруг графических элементов.\n\nТаблицы и диаграммы:\n1. Создание и форматирование таблиц.\n2. Вставка диаграмм (столбчатых, круговых, линейных и др.).\n\nКоллаборация:\n1. Совместная работа над документами в режиме реального времени через облако (OneDrive, SharePoint).\n2. Возможность комментирования и рецензирования.\n\nИнтеграция с другими программами:\n1. Совместимость с Excel, PowerPoint и другими приложениями Microsoft Office.\n2. Поддержка экспорта документов в форматы PDF, HTML, TXT и другие.\n\nДополнительные инструменты:\n1. Проверка орфографии и грамматики.\n2. Поиск и замена текста.\n3. Автоматическое создание оглавления и сносок.",
    "developerId" : 1,
    "shortDescription" : "Microsoft Word — это текстовый редактор, разработанный компанией Microsoft. Он является частью пакета Microsoft Office и используется для создания, редактирования и форматирования текстовых документов.",
    "categories" : [ {
      "id" : 16,
      "name" : "Текстовый редактор",
      "degreeOfBelonging" : 10,
      "programId" : 17
    }, {
      "id" : 18,
      "name" : "Офисное ПО",
      "degreeOfBelonging" : 10,
      "programId" : 17
    }, {
      "id" : 17,
      "name" : "Табличный процессор",
      "degreeOfBelonging" : 5,
      "programId" : 17
    }, {
      "id" : 35,
      "name" : "Читалка",
      "degreeOfBelonging" : 5,
      "programId" : 17
    } ],
    "averageEstimation" : 5.0,
    "nameForPath" : "Word",
    "winInstaller" : null,
    "linuxInstaller" : null,
    "macosInstaller" : null,
    "headerImg" : null,
    "screenshots" : null,
    "logo" : null,
    "headerUrl" : "/uploads/program/17/0128b0d5-d335-4e64-99d7-1c203138ed55_Microsoft_Office_Word_Logo_512px.png",
    "isInCart" : false,
    "hasReview" : false,
    "isPurchased" : false,
    "pageUrl" : "/programs/17",
    "logoUrl" : "/uploads/program/17/0128b0d5-d335-4e64-99d7-1c203138ed55_Microsoft_Office_Word_Logo_512px.png",
    "screenshotsUrls" : [ "/uploads/program/17/04fd4a23-3b0f-4a7b-acf6-2d03bc1dcee2_7d129359-4461-47d0-8b82-e0bf043f2e1a.png", "/uploads/program/17/eb0a368c-07d7-432b-b169-00941f73e4cc_microsoft-word-for-windows.png", "/uploads/program/17/e6f804d8-25e1-4c63-83f6-cbefd2bfd764_microsoft-word-mac.png", "/uploads/program/17/cc635c24-4929-41f0-9d5f-3b82949bb2d1_office-home-2024-screenshot-01.png", "/uploads/program/17/9ecd8a4a-4e37-47ec-b27d-b9f6777190ce_word_2024_copilot_1024x1024.png" ],
    "tagsAsString" : "Текстовый редактор, Офисное ПО, Табличный процессор, Читалка",
    "priceAsString" : "1499 руб."
  }, {
    "id" : 24,
    "name" : "PowerPoint",
    "price" : 1499.00,
    "fullDescription" : "Microsoft PowerPoint — это мощное приложение для создания и проведения презентаций, входящее в пакет Microsoft Office. Оно позволяет пользователям создавать профессиональные слайд-шоу с использованием текста, изображений, графиков, диаграмм, видео и анимации.\\n\r\nСоздание слайдов:\r\n· Шаблоны для быстрого старта.\r\n· Настройка макетов слайдов (заголовки, текст, изображения).\r\nМультимедиа:\r\n· Вставка изображений, аудио и видео.\r\n· Анимация текста и объектов.\r\nДизайн:\r\n· Темы и стили для оформления презентаций.\r\n· Настройка цветов, шрифтов и эффектов.\r\nГрафики и диаграммы:\r\n· Создание визуализаций данных (столбчатые, круговые, линейные диаграммы).\r\nКоллаборация:\r\n· Совместная работа в реальном времени через облако (OneDrive, SharePoint).\r\n· Комментирование и рецензирование.\r\nПрезентация:\r\n· Режим докладчика с заметками.\r\n· Экспорт в PDF или видеоформат.",
    "developerId" : 1,
    "shortDescription" : "Microsoft PowerPoint — программа для создания презентаций. Позволяет добавлять слайды с текстом, изображениями, графиками и анимацией. Используется для бизнеса, образования и публичных выступлений.",
    "categories" : [ {
      "id" : 43,
      "name" : "Редактор презентаций",
      "degreeOfBelonging" : 10,
      "programId" : 24
    }, {
      "id" : 18,
      "name" : "Офисное ПО",
      "degreeOfBelonging" : 10,
      "programId" : 24
    }, {
      "id" : 36,
      "name" : "Дизайн",
      "degreeOfBelonging" : 3,
      "programId" : 24
    } ],
    "averageEstimation" : 0.0,
    "nameForPath" : "PowerPoint",
    "winInstaller" : null,
    "linuxInstaller" : null,
    "macosInstaller" : null,
    "headerImg" : null,
    "screenshots" : null,
    "logo" : null,
    "headerUrl" : "/uploads/program/24/43c3a4bd-df92-4202-8225-ed8c14aa6edd_Microsoft_Office_PowerPoint_(2019–present).svg.png",
    "isInCart" : false,
    "hasReview" : false,
    "isPurchased" : false,
    "pageUrl" : "/programs/24",
    "logoUrl" : "/uploads/program/24/43c3a4bd-df92-4202-8225-ed8c14aa6edd_Microsoft_Office_PowerPoint_(2019–present).svg.png",
    "screenshotsUrls" : [ "/uploads/program/24/1f7e5ca4-9999-4676-b087-2f3803f6a12b_01EN.png", "/uploads/program/24/6c1ae9da-85d4-4dde-bf42-4484851bc851_powerpoint-2023-powerpoint-load.png", "/uploads/program/24/d4238c9d-5ee6-4114-86fd-1baa5357df9f_powerpoint-2023-powerpoint-load-2.png", "/uploads/program/24/dbe92ae0-f202-44d1-bc56-feb7c4730dab_powerpoint-2023-powerpoint-load-3.png", "/uploads/program/24/88a2b705-5ec7-4bbc-a9fb-695f152d1d39_powerpoint-2023-powerpoint-load-4.png", "/uploads/program/24/df4464f5-b6ca-4ffc-ad61-26a02f2df5a7_powerpoint-designer.jpg" ],
    "tagsAsString" : "Редактор презентаций, Офисное ПО, Дизайн",
    "priceAsString" : "1499 руб."
  }, {
    "id" : 25,
    "name" : "Excel",
    "price" : 1499.00,
    "fullDescription" : "Microsoft Excel — мощный инструмент для работы с электронными таблицами, входящий в пакет Microsoft Office. Программа позволяет организовывать, анализировать и визуализировать данные с помощью таблиц, формул, графиков и диаграмм. Excel поддерживает сложные математические, статистические и финансовые расчеты, а также предоставляет возможности для автоматизации задач с помощью макросов и VBA (Visual Basic for Applications). Широко используется в бизнесе, науке, образовании и личных целях для учета, отчетности, планирования и анализа данных.",
    "developerId" : 1,
    "shortDescription" : "Excel — программа для работы с электронными таблицами от Microsoft. Позволяет анализировать данные, создавать графики, выполнять расчеты и автоматизировать задачи. Подходит для бизнеса, учебы и личного использования.",
    "categories" : [ {
      "id" : 17,
      "name" : "Табличный процессор",
      "degreeOfBelonging" : 10,
      "programId" : 25
    }, {
      "id" : 18,
      "name" : "Офисное ПО",
      "degreeOfBelonging" : 10,
      "programId" : 25
    }, {
      "id" : 44,
      "name" : "Научное ПО",
      "degreeOfBelonging" : 6,
      "programId" : 25
    } ],
    "averageEstimation" : 0.0,
    "nameForPath" : "Excel",
    "winInstaller" : null,
    "linuxInstaller" : null,
    "macosInstaller" : null,
    "headerImg" : null,
    "screenshots" : null,
    "logo" : null,
    "headerUrl" : "/uploads/program/25/70917277-3bc4-43c1-a2a9-eab4d1d4df30_Microsoft_Excel_2013-2019_logo.svg.png",
    "isInCart" : false,
    "hasReview" : false,
    "isPurchased" : false,
    "pageUrl" : "/programs/25",
    "logoUrl" : "/uploads/program/25/70917277-3bc4-43c1-a2a9-eab4d1d4df30_Microsoft_Excel_2013-2019_logo.svg.png",
    "screenshotsUrls" : [ "/uploads/program/25/c3e34a1e-70e8-4749-a5c6-371872a5d20a_arrange-excel-files.png", "/uploads/program/25/0ffccb3f-346f-47ee-9db6-b7da444ba14f_images.jpg", "/uploads/program/25/5758ede6-d31d-433b-8f24-9db37beeb3ec_print-screen.jpg", "/uploads/program/25/672feced-9d4b-4fd6-9b95-c4ca264e398b_maxresdefault.jpg" ],
    "tagsAsString" : "Табличный процессор, Офисное ПО, Научное ПО",
    "priceAsString" : "1499 руб."
  }, {
    "id" : 28,
    "name" : "Blender",
    "price" : 0.00,
    "fullDescription" : "Blender — это мощное бесплатное программное обеспечение с открытым исходным кодом для 3D-моделирования, анимации, рендеринга, создания игр и визуальных эффектов. Программа включает инструменты для скульптинга, текстурирования, симуляции физики (дым, жидкости, ткани), анимации персонажей, монтажа видео и композитинга. Blender поддерживает множество форматов файлов и предоставляет гибкие настройки рендеринга, включая Cycles и Eevee. Широко используется художниками, дизайнерами, аниматорами и разработчиками игр благодаря своей универсальности и активному сообществу.",
    "developerId" : 1,
    "shortDescription" : "Blender — бесплатная программа для 3D-моделирования, анимации, визуализации и создания игр. Поддерживает скульптинг, симуляции, монтаж видео и композитинг.",
    "categories" : [ {
      "id" : 37,
      "name" : "3D-моделирование",
      "degreeOfBelonging" : 10,
      "programId" : 28
    }, {
      "id" : 39,
      "name" : "Графический редактор",
      "degreeOfBelonging" : 10,
      "programId" : 28
    }, {
      "id" : 40,
      "name" : "Растровая графика",
      "degreeOfBelonging" : 10,
      "programId" : 28
    }, {
      "id" : 47,
      "name" : "Разработка игр",
      "degreeOfBelonging" : 8,
      "programId" : 28
    } ],
    "averageEstimation" : 0.0,
    "nameForPath" : "Blender",
    "winInstaller" : null,
    "linuxInstaller" : null,
    "macosInstaller" : null,
    "headerImg" : null,
    "screenshots" : null,
    "logo" : null,
    "headerUrl" : "/uploads/program/28/fcc9aee9-8c12-403b-961e-bcd6ba37e508_Blender_logo_no_text.svg.png",
    "isInCart" : false,
    "hasReview" : false,
    "isPurchased" : false,
    "pageUrl" : "/programs/28",
    "logoUrl" : "/uploads/program/28/fcc9aee9-8c12-403b-961e-bcd6ba37e508_Blender_logo_no_text.svg.png",
    "screenshotsUrls" : [ "/uploads/program/28/96600cbd-7a22-48f4-8210-b538d1047b50_2b5da48c2255771643270fc592273338ee822245.jpeg", "/uploads/program/28/f12ffbc9-80e4-4b58-964a-ce6ebef38462_4voL6.png", "/uploads/program/28/9f3af6e8-362b-4203-ba63-4db292c821ac_5d421a5d64a95fab9aeb91813aea81db06ec02f0.png", "/uploads/program/28/544e0094-6b28-4d08-aa0e-9b79a220f9cd_9447f7f59a2c10fefcb15c6a2777ee2d391fb2e8.png", "/uploads/program/28/c95211c1-607f-44d5-a4bc-83285b751f7c_11051915122021_08fda0244b5397e030ee401fd2bea5b24f78a72b.jpg", "/uploads/program/28/64ec1514-7d1d-4f1e-8973-f509eb18169b_Blender_3.2.0_screenshot.png", "/uploads/program/28/5fd22e1c-1e3d-4514-aa17-e1969e825232_blender_421.png", "/uploads/program/28/c824a21b-7a5d-46fe-a301-8bbed5880ee5_snapshot-meshes.jpg" ],
    "tagsAsString" : "3D-моделирование, Графический редактор, Растровая графика, Разработка игр",
    "priceAsString" : "Бесплатно"
  }, {
    "id" : 27,
    "name" : "VideoPad Video Editor",
    "price" : 0.00,
    "fullDescription" : "VideoPad Video Editor — это удобный видеоредактор для создания и монтажа видео. Программа позволяет обрезать и склеивать клипы, добавлять эффекты, переходы, текстовые титры, а также накладывать аудиодорожки и звуковые эффекты. VideoPad поддерживает работу с множеством видеоформатов, включая HD и 4K, и предоставляет возможность экспорта готовых проектов для загрузки на YouTube, DVD или других платформ. Подходит как для начинающих, так и для опытных пользователей благодаря интуитивному интерфейсу и широкому набору инструментов.",
    "developerId" : 1,
    "shortDescription" : "VideoPad Video Editor — программа для редактирования видео. Подходит для монтажа, добавления эффектов, переходов, титров и аудиодорожек. Экспорт в различные форматы.",
    "categories" : [ {
      "id" : 19,
      "name" : "Видеоредактор",
      "degreeOfBelonging" : 10,
      "programId" : 27
    }, {
      "id" : 39,
      "name" : "Графический редактор",
      "degreeOfBelonging" : 2,
      "programId" : 27
    }, {
      "id" : 28,
      "name" : "Мультимедиа-плеер",
      "degreeOfBelonging" : 3,
      "programId" : 27
    } ],
    "averageEstimation" : 0.0,
    "nameForPath" : "VideoPad_Video_Editor",
    "winInstaller" : null,
    "linuxInstaller" : null,
    "macosInstaller" : null,
    "headerImg" : null,
    "screenshots" : null,
    "logo" : null,
    "headerUrl" : "/uploads/program/27/abe2cbb8-ffb2-4fa8-808d-2f136857b078_Без имени.jpg",
    "isInCart" : false,
    "hasReview" : false,
    "isPurchased" : false,
    "pageUrl" : "/programs/27",
    "logoUrl" : "/uploads/program/27/abe2cbb8-ffb2-4fa8-808d-2f136857b078_Без имени.jpg",
    "screenshotsUrls" : [ "/uploads/program/27/385e15c1-beb2-4a59-820c-1d2e7dbd58ad_78062f44-5347-48f0-ac3a-48e87d2b5742.png", "/uploads/program/27/75c44702-9af2-41d0-b477-b9203c0fdffc_aaa.jpg.22396c558282a410cd19c302947dfd24.jpg", "/uploads/program/27/73f03753-082b-409a-bcf9-e3b1649ae484_apps.43698.13939617729822645.65531390-8993-4b0f-9801-d944553dccf4.jpg", "/uploads/program/27/bcda9daf-644d-4b74-a9eb-b7cfa0672ab6_hq720.jpg", "/uploads/program/27/82c59b69-9e8c-40bd-bbde-cb13917dc85c_videopad-video-editor-(free).png", "/uploads/program/27/690fbfe4-e939-438e-8447-e8caeaaeca44_vnw546E3uQNAeesQVhkR6W-1200-80.jpg" ],
    "tagsAsString" : "Видеоредактор, Графический редактор, Мультимедиа-плеер",
    "priceAsString" : "Бесплатно"
  }, {
    "id" : 26,
    "name" : "Audacity",
    "price" : 0.00,
    "fullDescription" : "Audacity — это бесплатное, кроссплатформенное программное обеспечение с открытым исходным кодом для редактирования и записи аудио. Программа позволяет записывать звук с микрофона или других источников, редактировать дорожки (обрезать, копировать, склеивать), применять эффекты (шумоподавление, эквалайзер, реверберация и др.) и работать с множеством аудиоформатов (WAV, MP3, FLAC и т.д.). Audacity поддерживает VST-плагины, многодорожечную запись и экспорт проектов. Широко используется музыкантами, подкастерами, звукорежиссерами и любителями для создания и обработки аудиоконтента.",
    "developerId" : 1,
    "shortDescription" : "Audacity — бесплатная программа для редактирования аудио. Подходит для записи, монтажа, обработки звука и применения эффектов. Поддерживает множество форматов и плагинов.",
    "categories" : [ {
      "id" : 20,
      "name" : "Аудиоредактор",
      "degreeOfBelonging" : 10,
      "programId" : 26
    }, {
      "id" : 28,
      "name" : "Мультимедиа-плеер",
      "degreeOfBelonging" : 5,
      "programId" : 26
    }, {
      "id" : 30,
      "name" : "Утилита",
      "degreeOfBelonging" : 4,
      "programId" : 26
    } ],
    "averageEstimation" : 0.0,
    "nameForPath" : "Audacity",
    "winInstaller" : null,
    "linuxInstaller" : null,
    "macosInstaller" : null,
    "headerImg" : null,
    "screenshots" : null,
    "logo" : null,
    "headerUrl" : "/uploads/program/26/c23c63b0-8118-4fa9-8ca9-dd2c929bab85_Audacity_Logo_nofilter.svg.png",
    "isInCart" : false,
    "hasReview" : false,
    "isPurchased" : false,
    "pageUrl" : "/programs/26",
    "logoUrl" : "/uploads/program/26/c23c63b0-8118-4fa9-8ca9-dd2c929bab85_Audacity_Logo_nofilter.svg.png",
    "screenshotsUrls" : [ "/uploads/program/26/21f8bd3a-ebc4-46b8-b13c-8e36cb23e1bb_a6033853e501a57002e2e1d6d8fbf2c6bef89e73.jpeg", "/uploads/program/26/a0a399e5-03a9-4146-a1c2-310b9f3aa4fe_Audacity_3.6_Screenshot.png", "/uploads/program/26/b53d9be7-6cdf-4202-aeae-9c5f3eb30320_Audacity_screenshot.png", "/uploads/program/26/b1fe26bd-7164-45e0-8bc9-3b1c1e1f72cd_Audacity-Screenshot.jpg" ],
    "tagsAsString" : "Аудиоредактор, Мультимедиа-плеер, Утилита",
    "priceAsString" : "Бесплатно"
  }, {
    "id" : 29,
    "name" : "Яндекс Браузер",
    "price" : 0.00,
    "fullDescription" : "Яндекс Браузер — это современный веб-браузер, разработанный компанией Яндекс. Он отличается высокой скоростью работы, благодаря Turbo-режиму, который ускоряет загрузку страниц при медленном интернете. Браузер интегрирован с сервисами Яндекса, включая поиск, почту, карты и диск. Ключевые функции: умная строка для быстрого поиска и перехода на сайты, голосовой поиск, синхронизация данных между устройствами, встроенный переводчик и защита от вредоносных сайтов. Подходит для пользователей, ценящих удобство и интеграцию с экосистемой Яндекса.",
    "developerId" : 1,
    "shortDescription" : "Яндекс Браузер — быстрый и удобный браузер с интеграцией сервисов Яндекса. Поддержка Turbo-режима, умной строки, голосового поиска и синхронизации данных.",
    "categories" : [ {
      "id" : 22,
      "name" : "Браузер",
      "degreeOfBelonging" : 10,
      "programId" : 29
    }, {
      "id" : 48,
      "name" : "Интернет",
      "degreeOfBelonging" : 10,
      "programId" : 29
    }, {
      "id" : 28,
      "name" : "Мультимедиа-плеер",
      "degreeOfBelonging" : 5,
      "programId" : 29
    }, {
      "id" : 32,
      "name" : "Разработка ПО",
      "degreeOfBelonging" : 3,
      "programId" : 29
    } ],
    "averageEstimation" : 0.0,
    "nameForPath" : "Яндекс_Браузер",
    "winInstaller" : null,
    "linuxInstaller" : null,
    "macosInstaller" : null,
    "headerImg" : null,
    "screenshots" : null,
    "logo" : null,
    "headerUrl" : "/uploads/program/29/d48f7d8a-7a90-44a5-894d-0a06439a4449_Yandex_Browser_icon.svg.png",
    "isInCart" : false,
    "hasReview" : false,
    "isPurchased" : false,
    "pageUrl" : "/programs/29",
    "logoUrl" : "/uploads/program/29/d48f7d8a-7a90-44a5-894d-0a06439a4449_Yandex_Browser_icon.svg.png",
    "screenshotsUrls" : [ "/uploads/program/29/c5b5d17c-0ba3-42d6-a7c3-684dbc04687a_orig.png", "/uploads/program/29/f927d79d-57c0-4271-84ab-9e6dbc202afe_orig1.png", "/uploads/program/29/0499f36b-ebb5-45cb-81e1-d28e53e510ce_Screenshot_2023_Yandex.png", "/uploads/program/29/48ef8030-8184-4369-9e9b-f05b71eaea6e_screenshot-1.jpg", "/uploads/program/29/d9aaa389-db17-4533-afdd-49d44f2ae979_screenshot-3.png", "/uploads/program/29/a54b6743-8912-4dbe-8547-4438ee1c34b5_screenshot-6.png", "/uploads/program/29/7c39099b-f455-4ff4-b277-8e34f96429a3_screenshot-9.jpg", "/uploads/program/29/8fc38df2-0574-4f3a-853a-d7fa60e097c2_screenshot-10.png", "/uploads/program/29/e732e0bd-7d73-45d5-82d1-368f6b6cf34a_screenshot-13.png" ],
    "tagsAsString" : "Браузер, Интернет, Мультимедиа-плеер, Разработка ПО",
    "priceAsString" : "Бесплатно"
  }, {
    "id" : 30,
    "name" : "Photoshop",
    "price" : 3999.00,
    "fullDescription" : "Adobe Photoshop — это ведущий профессиональный графический редактор, используемый для обработки фотографий, создания дизайнов, иллюстраций и цифрового искусства. Программа предлагает мощные инструменты для работы со слоями, масками, фильтрами, коррекцией цвета и ретушью. Photoshop поддерживает работу с растровой графикой, а также частично с векторной. Широко применяется фотографами, дизайнерами, художниками и маркетологами благодаря своей универсальности и точности. Интегрируется с другими продуктами Adobe, такими как Illustrator и Lightroom.",
    "developerId" : 1,
    "shortDescription" : "Photoshop — профессиональный графический редактор для обработки изображений, создания дизайнов и иллюстраций. Поддержка слоев, масок, фильтров и инструментов для точной работы.",
    "categories" : [ {
      "id" : 39,
      "name" : "Графический редактор",
      "degreeOfBelonging" : 10,
      "programId" : 30
    }, {
      "id" : 42,
      "name" : "Фоторедактор",
      "degreeOfBelonging" : 10,
      "programId" : 30
    }, {
      "id" : 36,
      "name" : "Дизайн",
      "degreeOfBelonging" : 5,
      "programId" : 30
    }, {
      "id" : 40,
      "name" : "Растровая графика",
      "degreeOfBelonging" : 10,
      "programId" : 30
    } ],
    "averageEstimation" : 0.0,
    "nameForPath" : "Photoshop",
    "winInstaller" : null,
    "linuxInstaller" : null,
    "macosInstaller" : null,
    "headerImg" : null,
    "screenshots" : null,
    "logo" : null,
    "headerUrl" : "/uploads/program/30/28c78396-6b95-464b-b365-e79baa682ee6_Adobe_Photoshop_CC_icon.svg.png",
    "isInCart" : false,
    "hasReview" : false,
    "isPurchased" : false,
    "pageUrl" : "/programs/30",
    "logoUrl" : "/uploads/program/30/28c78396-6b95-464b-b365-e79baa682ee6_Adobe_Photoshop_CC_icon.svg.png",
    "screenshotsUrls" : [ "/uploads/program/30/ed935fa8-651c-430e-b530-a1e533f43ebe_photoshop-1.png", "/uploads/program/30/9e3464f9-9853-4373-9c76-b6835d28a7da_photoshop-2.jpg", "/uploads/program/30/4649963c-5485-4e40-b1be-715dd6f675bc_photoshop-3.jpg", "/uploads/program/30/6d601c73-d415-416d-8721-3a7edb8f03db_photoshop-4.png", "/uploads/program/30/55a72676-448a-4816-a9c9-990fc45e5efb_photoshop-5.jpg", "/uploads/program/30/e5166ee1-774b-4a43-b686-d850286e587d_photoshop-6.jpg", "/uploads/program/30/072a2f72-4aba-4ac4-a963-56ab92b1a374_Photoshop-screenshot.JPG" ],
    "tagsAsString" : "Графический редактор, Фоторедактор, Дизайн, Растровая графика",
    "priceAsString" : "3999 руб."
  }, {
    "id" : 31,
    "name" : "FL Studio",
    "price" : 1999.00,
    "fullDescription" : "FL Studio — популярная цифровая аудиостанция (DAW) для создания, аранжировки и сведения музыки. Программа предлагает интуитивный интерфейс, обширную библиотеку звуков, встроенные синтезаторы, сэмплы и эффекты. Поддерживает VST-плагины, MIDI-контроллеры и многодорожечную запись. FL Studio подходит как для начинающих, так и для профессионалов, предоставляя инструменты для создания музыки в различных жанрах. Доступна для Windows и macOS, с регулярными обновлениями и пожизненными апгрейдами.",
    "developerId" : 1,
    "shortDescription" : "FL Studio — мощная DAW для создания музыки. Подходит для начинающих и профессионалов. Включает синтезаторы, сэмплы, эффекты и инструменты для сведения. Поддержка VST, MIDI и многодорожечной записи. Доступна для Windows и macOS.",
    "categories" : [ {
      "id" : 20,
      "name" : "Аудиоредактор",
      "degreeOfBelonging" : 10,
      "programId" : 31
    }, {
      "id" : 49,
      "name" : "Музыкальный секвенсор",
      "degreeOfBelonging" : 10,
      "programId" : 31
    } ],
    "averageEstimation" : 0.0,
    "nameForPath" : "FL_Studio",
    "winInstaller" : null,
    "linuxInstaller" : null,
    "macosInstaller" : null,
    "headerImg" : null,
    "screenshots" : null,
    "logo" : null,
    "headerUrl" : "/uploads/program/31/70d78c1d-0717-4bf5-bc4e-585967b8afb2_edx7m32v5s671.png",
    "isInCart" : false,
    "hasReview" : false,
    "isPurchased" : false,
    "pageUrl" : "/programs/31",
    "logoUrl" : "/uploads/program/31/70d78c1d-0717-4bf5-bc4e-585967b8afb2_edx7m32v5s671.png",
    "screenshotsUrls" : [ "/uploads/program/31/3a5ae212-3d21-4f73-adda-0afc7168adbe_6wyOV9U.png", "/uploads/program/31/f6ec1a77-a2b8-440e-99f1-3180e70c12b0_GDqAPgU.jpg", "/uploads/program/31/1e48d5dc-8f61-4d14-b12b-7f6151c7b846_Image-Line_FL_Studio_21_Fruity_Edition_01_Aufmacher_Test.jpg", "/uploads/program/31/cd3882c5-1945-47d6-bbee-05b4d35b89b6_Image-line-FL-Studio-20-Producer-Edition_Windows.png", "/uploads/program/31/ca15db0b-3f63-496d-a34c-ae5731cdaab1_Q3VLlTd.png", "/uploads/program/31/c03c70a4-a0a1-4284-98a4-b4f3f0c8f093_ywr0bcxm0ih41.png" ],
    "tagsAsString" : "Аудиоредактор, Музыкальный секвенсор",
    "priceAsString" : "1999 руб."
  }, {
    "id" : 32,
    "name" : "Telegram",
    "price" : 0.00,
    "fullDescription" : "Telegram — это кроссплатформенный мессенджер, ориентированный на скорость и безопасность. Он позволяет отправлять текстовые сообщения, голосовые заметки, фото, видео и файлы любого формата. Telegram поддерживает групповые чаты до 200 000 участников, каналы для широковещательных сообщений и секретные чаты с end-to-end шифрованием. Все данные хранятся в облаке, что обеспечивает доступ к ним с любого устройства. Приложение доступно на iOS, Android, Windows, macOS и Linux. Telegram также предлагает API для разработчиков и ботов, что делает его гибким инструментом для общения и автоматизации задач.",
    "developerId" : 1,
    "shortDescription" : "Telegram — мессенджер с высокой безопасностью, быстрой доставкой сообщений и поддержкой групповых чатов до 200 000 участников. Доступен на всех платформах, с облачным хранением и секретными чатами.",
    "categories" : [ {
      "id" : 23,
      "name" : "Мессенджер",
      "degreeOfBelonging" : 10,
      "programId" : 32
    }, {
      "id" : 45,
      "name" : "Социальное",
      "degreeOfBelonging" : 10,
      "programId" : 32
    } ],
    "averageEstimation" : 0.0,
    "nameForPath" : "Telegram",
    "winInstaller" : null,
    "linuxInstaller" : null,
    "macosInstaller" : null,
    "headerImg" : null,
    "screenshots" : null,
    "logo" : null,
    "headerUrl" : "/uploads/program/32/d2f37f23-afba-40c3-9fd5-970b0a17a1a4_telegram.webp",
    "isInCart" : false,
    "hasReview" : false,
    "isPurchased" : false,
    "pageUrl" : "/programs/32",
    "logoUrl" : "/uploads/program/32/d2f37f23-afba-40c3-9fd5-970b0a17a1a4_telegram.webp",
    "screenshotsUrls" : [ "/uploads/program/32/fe84cb49-5659-45ab-a81b-c5962489e235_260a84021f203c3bc1.jpg", "/uploads/program/32/9c735cda-bc9c-48f7-9aa0-f2808fccc71a_a7c0863af9ecc4b3af.jpg", "/uploads/program/32/1d6c1ed9-8b7a-4e17-a3b9-3ffe5daf5c93_home-screen.png", "/uploads/program/32/6c814964-e996-4efc-b08d-9b7cfbedb853_img3File.png", "/uploads/program/32/a3ae73d7-4690-4be8-bab9-c6a7bd4f64e4_preview.png", "/uploads/program/32/10083446-7a06-4454-ba57-a14a3a6882aa_telegram-for-desktop-screenshot-01.png" ],
    "tagsAsString" : "Мессенджер, Социальное",
    "priceAsString" : "Бесплатно"
  }, {
    "id" : 33,
    "name" : "Unity",
    "price" : 0.00,
    "fullDescription" : "Unity — это универсальный игровой движок для создания 2D и 3D игр, а также интерактивных приложений. Он широко используется indie-разработчиками и крупными студиями благодаря своей гибкости, кроссплатформенности (поддержка PC, консолей, мобильных устройств, VR/AR) и богатому набору инструментов. Unity предлагает визуальный редактор, мощную физику, анимацию, систему частиц и поддержку скриптинга на C#. Встроенный Asset Store позволяет использовать готовые ресурсы и плагины. Движок также активно применяется в неигровых сферах, таких как архитектура, кино и образование. Unity имеет большое сообщество и регулярно обновляется, что делает его одним из самых популярных инструментов для разработки.",
    "developerId" : 1,
    "shortDescription" : "Unity — мощный движок для разработки 2D/3D игр и приложений. Подходит для indie-разработчиков и крупных студий. Кроссплатформенность, поддержка VR/AR, богатый набор инструментов и активное сообщество.",
    "categories" : [ {
      "id" : 38,
      "name" : "Игровой движок",
      "degreeOfBelonging" : 10,
      "programId" : 33
    }, {
      "id" : 47,
      "name" : "Разработка игр",
      "degreeOfBelonging" : 10,
      "programId" : 33
    }, {
      "id" : 32,
      "name" : "Разработка ПО",
      "degreeOfBelonging" : 8,
      "programId" : 33
    }, {
      "id" : 40,
      "name" : "Растровая графика",
      "degreeOfBelonging" : 10,
      "programId" : 33
    }, {
      "id" : 26,
      "name" : "Редактор кода",
      "degreeOfBelonging" : 6,
      "programId" : 33
    } ],
    "averageEstimation" : 0.0,
    "nameForPath" : "Unity",
    "winInstaller" : null,
    "linuxInstaller" : null,
    "macosInstaller" : null,
    "headerImg" : null,
    "screenshots" : null,
    "logo" : null,
    "headerUrl" : "/uploads/program/33/eca8349e-53a1-4e56-95f5-843a2d81664b_Unity_Logo.png",
    "isInCart" : false,
    "hasReview" : false,
    "isPurchased" : false,
    "pageUrl" : "/programs/33",
    "logoUrl" : "/uploads/program/33/eca8349e-53a1-4e56-95f5-843a2d81664b_Unity_Logo.png",
    "screenshotsUrls" : [ "/uploads/program/33/73b9661d-696d-4ad5-b41f-7d87100bb295_92cfbd2c7963f46fe81748e5e2d3c6715ef504ac.jpeg", "/uploads/program/33/5d1ef98b-1386-4101-8ccd-9c890bf28dff_582ca9ee52b72830781322439c73d550146cfbee.jpeg", "/uploads/program/33/c0f7120e-c205-4ebd-ab82-a630a28e910a_954c258da9ed801fcc144714c88ebc568666051a.jpeg", "/uploads/program/33/0fa76d43-7e5b-43a7-9e2e-f4866b1b56ec_C4PK6.jpg", "/uploads/program/33/0fdd3905-362a-4d2d-a0ff-333d41515e92_f6b7f7bc60326b3013c19c4608c41bca1358a7be.jpeg", "/uploads/program/33/e3e7becb-5c6a-488f-a788-725cdb9ce12f_maxresdefault.jpg", "/uploads/program/33/d82e981d-525e-4a34-995c-8a98c6e28301_PickandPlaceWorkflowInUnity3DUsingROSExample_25.png", "/uploads/program/33/eaa588d6-0a14-43a2-9bcb-4afe9a96cfd5_screenshot-1.png" ],
    "tagsAsString" : "Игровой движок, Разработка игр, Разработка ПО, Растровая графика, Редактор кода",
    "priceAsString" : "Бесплатно"
  }, {
    "id" : 34,
    "name" : "Unreal Engine",
    "price" : 1999.00,
    "fullDescription" : "Unreal Engine — это профессиональный игровой движок, разработанный Epic Games, для создания AAA-игр, виртуальной и дополненной реальности (VR/AR), а также визуализаций в кино и архитектуре. Движок славится своей продвинутой графикой, включая реалистичное освещение, физику и постобработку. Unreal Engine предлагает инструмент Blueprint для визуального скриптинга, что упрощает разработку без глубоких знаний программирования, а также поддерживает C++ для более сложных задач. Движок является кроссплатформенным (PC, консоли, мобильные устройства) и предоставляет доступ к исходному коду. Unreal Engine активно используется в индустрии благодаря своей гибкости, мощным инструментам и активному сообществу.",
    "developerId" : 1,
    "shortDescription" : "Unreal Engine — мощный движок для создания AAA-игр, VR/AR и визуализаций. Высококачественная графика, Blueprint для визуального скриптинга, кроссплатформенность и открытый исходный код.",
    "categories" : [ {
      "id" : 38,
      "name" : "Игровой движок",
      "degreeOfBelonging" : 10,
      "programId" : 34
    }, {
      "id" : 52,
      "name" : "2D-графика",
      "degreeOfBelonging" : 8,
      "programId" : 34
    }, {
      "id" : 53,
      "name" : "3D-графика",
      "degreeOfBelonging" : 10,
      "programId" : 34
    }, {
      "id" : 50,
      "name" : "Виртуальная реальность (VR)",
      "degreeOfBelonging" : 10,
      "programId" : 34
    }, {
      "id" : 51,
      "name" : "Дополненная реальность (AR)",
      "degreeOfBelonging" : 10,
      "programId" : 34
    }, {
      "id" : 47,
      "name" : "Разработка игр",
      "degreeOfBelonging" : 10,
      "programId" : 34
    }, {
      "id" : 32,
      "name" : "Разработка ПО",
      "degreeOfBelonging" : 10,
      "programId" : 34
    }, {
      "id" : 19,
      "name" : "Видеоредактор",
      "degreeOfBelonging" : 5,
      "programId" : 34
    } ],
    "averageEstimation" : 0.0,
    "nameForPath" : "Unreal_Engine",
    "winInstaller" : null,
    "linuxInstaller" : null,
    "macosInstaller" : null,
    "headerImg" : null,
    "screenshots" : null,
    "logo" : null,
    "headerUrl" : "/uploads/program/34/47c8b5e3-2855-418c-b7b6-ac19bafc703b_Unreal_Engine-Logo.wine.png",
    "isInCart" : false,
    "hasReview" : false,
    "isPurchased" : false,
    "pageUrl" : "/programs/34",
    "logoUrl" : "/uploads/program/34/47c8b5e3-2855-418c-b7b6-ac19bafc703b_Unreal_Engine-Logo.wine.png",
    "screenshotsUrls" : [ "/uploads/program/34/8ffb512f-bd00-45e8-9b2c-057aa659af3e_4c3ab52ef7de29f05d505dac4b71162d3e5146e7.jpeg", "/uploads/program/34/afeec4f8-0896-4c8c-96fe-546c77d037ee_0823c67517a5cddd70f098cea475e40bef3f9d4b.jpg", "/uploads/program/34/3185248f-a38f-4263-a6d9-a99c3e60d0a6_clinton-crumpler-step-07.jpg", "/uploads/program/34/5348ac62-22de-4473-8675-19cdc9fa1326_fe7aadbffcbf4044a62a7f73d9e28a2c2259edfe.jpeg", "/uploads/program/34/06127711-2708-4ef8-a93b-e291264aa7b6_ff0402159e26ebd9af2e8df28f13538e06fa4edd.jpeg", "/uploads/program/34/169d36da-be06-48bc-bc79-86bbc17db206_Learning to Create 360 Screenshots in Unreal Engine 3.png", "/uploads/program/34/bb3697ec-f1eb-4c46-a2b6-e9c8e13d8615_maxresdefault.jpg", "/uploads/program/34/1de6593f-7cab-466b-a1a8-a3594ae3b3f8_unreal-dev.webp", "/uploads/program/34/83baec62-c4c1-4cad-8474-85b7939470ad_Unreal-Engine_1.jpg", "/uploads/program/34/2620864f-6722-4863-b234-53279bbb6707_unreal-engine-screenshot-03.png" ],
    "tagsAsString" : "Игровой движок, 2D-графика, 3D-графика, Виртуальная реальность (VR), Дополненная реальность (AR), Разработка игр, Разработка ПО, Видеоредактор",
    "priceAsString" : "1999 руб."
  } ],
  "recommendations" : [ {
    "program" : {
      "id" : 34,
      "name" : "Unreal Engine",
      "price" : 1999.00,
      "fullDescription" : "Unreal Engine — это профессиональный игровой движок, разработанный Epic Games, для создания AAA-игр, виртуальной и дополненной реальности (VR/AR), а также визуализаций в кино и архитектуре. Движок славится своей продвинутой графикой, включая реалистичное освещение, физику и постобработку. Unreal Engine предлагает инструмент Blueprint для визуального скриптинга, что упрощает разработку без глубоких знаний программирования, а также поддерживает C++ для более сложных задач. Движок является кроссплатформенным (PC, консоли, мобильные устройства) и предоставляет доступ к исходному коду. Unreal Engine активно используется в индустрии благодаря своей гибкости, мощным инструментам и активному сообществу.",
      "developerId" : 1,
      "shortDescription" : "Unreal Engine — мощный движок для создания AAA-игр, VR/AR и визуализаций. Высококачественная графика, Blueprint для визуального скриптинга, кроссплатформенность и открытый исходный код.",
      "categories" : [ {
        "id" : 38,
        "name" : "Игровой движок",
        "degreeOfBelonging" : 10,
        "programId" : 34
      }, {
        "id" : 52,
        "name" : "2D-графика",
        "degreeOfBelonging" : 8,
        "programId" : 34
      }, {
        "id" : 53,
        "name" : "3D-графика",
        "degreeOfBelonging" : 10,
        "programId" : 34
      }, {
        "id" : 50,
        "name" : "Виртуальная реальность (VR)",
        "degreeOfBelonging" : 10,
        "programId" : 34
      }, {
        "id" : 51,
        "name" : "Дополненная реальность (AR)",
        "degreeOfBelonging" : 10,
        "programId" : 34
      }, {
        "id" : 47,
        "name" : "Разработка игр",
        "degreeOfBelonging" : 10,
        "programId" : 34
      }, {
        "id" : 32,
        "name" : "Разработка ПО",
        "degreeOfBelonging" : 10,
        "programId" : 34
      }, {
        "id" : 19,
        "name" : "Видеоредактор",
        "degreeOfBelonging" : 5,
        "programId" : 34
      } ],
      "averageEstimation" : 0.0,
      "nameForPath" : "Unreal_Engine",
      "winInstaller" : null,
      "linuxInstaller" : null,
      "macosInstaller" : null,
      "headerImg" : null,
      "screenshots" : null,
      "logo" : null,
      "headerUrl" : "/uploads/program/34/47c8b5e3-2855-418c-b7b6-ac19bafc703b_Unreal_Engine-Logo.wine.png",
      "isInCart" : false,
      "hasReview" : false,
      "isPurchased" : false,
      "pageUrl" : "/programs/34",
      "logoUrl" : "/uploads/program/34/47c8b5e3-2855-418c-b7b6-ac19bafc703b_Unreal_Engine-Logo.wine.png",
      "screenshotsUrls" : [ "/uploads/program/34/8ffb512f-bd00-45e8-9b2c-057aa659af3e_4c3ab52ef7de29f05d505dac4b71162d3e5146e7.jpeg", "/uploads/program/34/afeec4f8-0896-4c8c-96fe-546c77d037ee_0823c67517a5cddd70f098cea475e40bef3f9d4b.jpg", "/uploads/program/34/3185248f-a38f-4263-a6d9-a99c3e60d0a6_clinton-crumpler-step-07.jpg", "/uploads/program/34/5348ac62-22de-4473-8675-19cdc9fa1326_fe7aadbffcbf4044a62a7f73d9e28a2c2259edfe.jpeg", "/uploads/program/34/06127711-2708-4ef8-a93b-e291264aa7b6_ff0402159e26ebd9af2e8df28f13538e06fa4edd.jpeg", "/uploads/program/34/169d36da-be06-48bc-bc79-86bbc17db206_Learning to Create 360 Screenshots in Unreal Engine 3.png", "/uploads/program/34/bb3697ec-f1eb-4c46-a2b6-e9c8e13d8615_maxresdefault.jpg", "/uploads/program/34/1de6593f-7cab-466b-a1a8-a3594ae3b3f8_unreal-dev.webp", "/uploads/program/34/83baec62-c4c1-4cad-8474-85b7939470ad_Unreal-Engine_1.jpg", "/uploads/program/34/2620864f-6722-4863-b234-53279bbb6707_unreal-engine-screenshot-03.png" ],
      "tagsAsString" : "Игровой движок, 2D-графика, 3D-графика, Виртуальная реальность (VR), Дополненная реальность (AR), Разработка игр, Разработка ПО, Видеоредактор",
      "priceAsString" : "1999 руб."
    },
    "euclideanDistance" : 20.571879038900924
  }, {
    "program" : {
      "id" : 33,
      "name" : "Unity",
      "price" : 0.00,
      "fullDescription" : "Unity — это универсальный игровой движок для создания 2D и 3D игр, а также интерактивных приложений. Он широко используется indie-разработчиками и крупными студиями благодаря своей гибкости, кроссплатформенности (поддержка PC, консолей, мобильных устройств, VR/AR) и богатому набору инструментов. Unity предлагает визуальный редактор, мощную физику, анимацию, систему частиц и поддержку скриптинга на C#. Встроенный Asset Store позволяет использовать готовые ресурсы и плагины. Движок также активно применяется в неигровых сферах, таких как архитектура, кино и образование. Unity имеет большое сообщество и регулярно обновляется, что делает его одним из самых популярных инструментов для разработки.",
      "developerId" : 1,
      "shortDescription" : "Unity — мощный движок для разработки 2D/3D игр и приложений. Подходит для indie-разработчиков и крупных студий. Кроссплатформенность, поддержка VR/AR, богатый набор инструментов и активное сообщество.",
      "categories" : [ {
        "id" : 38,
        "name" : "Игровой движок",
        "degreeOfBelonging" : 10,
        "programId" : 33
      }, {
        "id" : 47,
        "name" : "Разработка игр",
        "degreeOfBelonging" : 10,
        "programId" : 33
      }, {
        "id" : 32,
        "name" : "Разработка ПО",
        "degreeOfBelonging" : 8,
        "programId" : 33
      }, {
        "id" : 40,
        "name" : "Растровая графика",
        "degreeOfBelonging" : 10,
        "programId" : 33
      }, {
        "id" : 26,
        "name" : "Редактор кода",
        "degreeOfBelonging" : 6,
        "programId" : 33
      } ],
      "averageEstimation" : 0.0,
      "nameForPath" : "Unity",
      "winInstaller" : null,
      "linuxInstaller" : null,
      "macosInstaller" : null,
      "headerImg" : null,
      "screenshots" : null,
      "logo" : null,
      "headerUrl" : "/uploads/program/33/eca8349e-53a1-4e56-95f5-843a2d81664b_Unity_Logo.png",
      "isInCart" : false,
      "hasReview" : false,
      "isPurchased" : false,
      "pageUrl" : "/programs/33",
      "logoUrl" : "/uploads/program/33/eca8349e-53a1-4e56-95f5-843a2d81664b_Unity_Logo.png",
      "screenshotsUrls" : [ "/uploads/program/33/73b9661d-696d-4ad5-b41f-7d87100bb295_92cfbd2c7963f46fe81748e5e2d3c6715ef504ac.jpeg", "/uploads/program/33/5d1ef98b-1386-4101-8ccd-9c890bf28dff_582ca9ee52b72830781322439c73d550146cfbee.jpeg", "/uploads/program/33/c0f7120e-c205-4ebd-ab82-a630a28e910a_954c258da9ed801fcc144714c88ebc568666051a.jpeg", "/uploads/program/33/0fa76d43-7e5b-43a7-9e2e-f4866b1b56ec_C4PK6.jpg", "/uploads/program/33/0fdd3905-362a-4d2d-a0ff-333d41515e92_f6b7f7bc60326b3013c19c4608c41bca1358a7be.jpeg", "/uploads/program/33/e3e7becb-5c6a-488f-a788-725cdb9ce12f_maxresdefault.jpg", "/uploads/program/33/d82e981d-525e-4a34-995c-8a98c6e28301_PickandPlaceWorkflowInUnity3DUsingROSExample_25.png", "/uploads/program/33/eaa588d6-0a14-43a2-9bcb-4afe9a96cfd5_screenshot-1.png" ],
      "tagsAsString" : "Игровой движок, Разработка игр, Разработка ПО, Растровая графика, Редактор кода",
      "priceAsString" : "Бесплатно"
    },
    "euclideanDistance" : 20.002224867349167
  }, {
    "program" : {
      "id" : 32,
      "name" : "Telegram",
      "price" : 0.00,
      "fullDescription" : "Telegram — это кроссплатформенный мессенджер, ориентированный на скорость и безопасность. Он позволяет отправлять текстовые сообщения, голосовые заметки, фото, видео и файлы любого формата. Telegram поддерживает групповые чаты до 200 000 участников, каналы для широковещательных сообщений и секретные чаты с end-to-end шифрованием. Все данные хранятся в облаке, что обеспечивает доступ к ним с любого устройства. Приложение доступно на iOS, Android, Windows, macOS и Linux. Telegram также предлагает API для разработчиков и ботов, что делает его гибким инструментом для общения и автоматизации задач.",
      "developerId" : 1,
      "shortDescription" : "Telegram — мессенджер с высокой безопасностью, быстрой доставкой сообщений и поддержкой групповых чатов до 200 000 участников. Доступен на всех платформах, с облачным хранением и секретными чатами.",
      "categories" : [ {
        "id" : 23,
        "name" : "Мессенджер",
        "degreeOfBelonging" : 10,
        "programId" : 32
      }, {
        "id" : 45,
        "name" : "Социальное",
        "degreeOfBelonging" : 10,
        "programId" : 32
      } ],
      "averageEstimation" : 0.0,
      "nameForPath" : "Telegram",
      "winInstaller" : null,
      "linuxInstaller" : null,
      "macosInstaller" : null,
      "headerImg" : null,
      "screenshots" : null,
      "logo" : null,
      "headerUrl" : "/uploads/program/32/d2f37f23-afba-40c3-9fd5-970b0a17a1a4_telegram.webp",
      "isInCart" : false,
      "hasReview" : false,
      "isPurchased" : false,
      "pageUrl" : "/programs/32",
      "logoUrl" : "/uploads/program/32/d2f37f23-afba-40c3-9fd5-970b0a17a1a4_telegram.webp",
      "screenshotsUrls" : [ "/uploads/program/32/fe84cb49-5659-45ab-a81b-c5962489e235_260a84021f203c3bc1.jpg", "/uploads/program/32/9c735cda-bc9c-48f7-9aa0-f2808fccc71a_a7c0863af9ecc4b3af.jpg", "/uploads/program/32/1d6c1ed9-8b7a-4e17-a3b9-3ffe5daf5c93_home-screen.png", "/uploads/program/32/6c814964-e996-4efc-b08d-9b7cfbedb853_img3File.png", "/uploads/program/32/a3ae73d7-4690-4be8-bab9-c6a7bd4f64e4_preview.png", "/uploads/program/32/10083446-7a06-4454-ba57-a14a3a6882aa_telegram-for-desktop-screenshot-01.png" ],
      "tagsAsString" : "Мессенджер, Социальное",
      "priceAsString" : "Бесплатно"
    },
    "euclideanDistance" : 14.145281886339397
  }, {
    "program" : {
      "id" : 31,
      "name" : "FL Studio",
      "price" : 1999.00,
      "fullDescription" : "FL Studio — популярная цифровая аудиостанция (DAW) для создания, аранжировки и сведения музыки. Программа предлагает интуитивный интерфейс, обширную библиотеку звуков, встроенные синтезаторы, сэмплы и эффекты. Поддерживает VST-плагины, MIDI-контроллеры и многодорожечную запись. FL Studio подходит как для начинающих, так и для профессионалов, предоставляя инструменты для создания музыки в различных жанрах. Доступна для Windows и macOS, с регулярными обновлениями и пожизненными апгрейдами.",
      "developerId" : 1,
      "shortDescription" : "FL Studio — мощная DAW для создания музыки. Подходит для начинающих и профессионалов. Включает синтезаторы, сэмплы, эффекты и инструменты для сведения. Поддержка VST, MIDI и многодорожечной записи. Доступна для Windows и macOS.",
      "categories" : [ {
        "id" : 20,
        "name" : "Аудиоредактор",
        "degreeOfBelonging" : 10,
        "programId" : 31
      }, {
        "id" : 49,
        "name" : "Музыкальный секвенсор",
        "degreeOfBelonging" : 10,
        "programId" : 31
      } ],
      "averageEstimation" : 0.0,
      "nameForPath" : "FL_Studio",
      "winInstaller" : null,
      "linuxInstaller" : null,
      "macosInstaller" : null,
      "headerImg" : null,
      "screenshots" : null,
      "logo" : null,
      "headerUrl" : "/uploads/program/31/70d78c1d-0717-4bf5-bc4e-585967b8afb2_edx7m32v5s671.png",
      "isInCart" : false,
      "hasReview" : false,
      "isPurchased" : false,
      "pageUrl" : "/programs/31",
      "logoUrl" : "/uploads/program/31/70d78c1d-0717-4bf5-bc4e-585967b8afb2_edx7m32v5s671.png",
      "screenshotsUrls" : [ "/uploads/program/31/3a5ae212-3d21-4f73-adda-0afc7168adbe_6wyOV9U.png", "/uploads/program/31/f6ec1a77-a2b8-440e-99f1-3180e70c12b0_GDqAPgU.jpg", "/uploads/program/31/1e48d5dc-8f61-4d14-b12b-7f6151c7b846_Image-Line_FL_Studio_21_Fruity_Edition_01_Aufmacher_Test.jpg", "/uploads/program/31/cd3882c5-1945-47d6-bbee-05b4d35b89b6_Image-line-FL-Studio-20-Producer-Edition_Windows.png", "/uploads/program/31/ca15db0b-3f63-496d-a34c-ae5731cdaab1_Q3VLlTd.png", "/uploads/program/31/c03c70a4-a0a1-4284-98a4-b4f3f0c8f093_ywr0bcxm0ih41.png" ],
      "tagsAsString" : "Аудиоредактор, Музыкальный секвенсор",
      "priceAsString" : "1999 руб."
    },
    "euclideanDistance" : 14.145281886339397
  }, {
    "program" : {
      "id" : 30,
      "name" : "Photoshop",
      "price" : 3999.00,
      "fullDescription" : "Adobe Photoshop — это ведущий профессиональный графический редактор, используемый для обработки фотографий, создания дизайнов, иллюстраций и цифрового искусства. Программа предлагает мощные инструменты для работы со слоями, масками, фильтрами, коррекцией цвета и ретушью. Photoshop поддерживает работу с растровой графикой, а также частично с векторной. Широко применяется фотографами, дизайнерами, художниками и маркетологами благодаря своей универсальности и точности. Интегрируется с другими продуктами Adobe, такими как Illustrator и Lightroom.",
      "developerId" : 1,
      "shortDescription" : "Photoshop — профессиональный графический редактор для обработки изображений, создания дизайнов и иллюстраций. Поддержка слоев, масок, фильтров и инструментов для точной работы.",
      "categories" : [ {
        "id" : 39,
        "name" : "Графический редактор",
        "degreeOfBelonging" : 10,
        "programId" : 30
      }, {
        "id" : 42,
        "name" : "Фоторедактор",
        "degreeOfBelonging" : 10,
        "programId" : 30
      }, {
        "id" : 36,
        "name" : "Дизайн",
        "degreeOfBelonging" : 5,
        "programId" : 30
      }, {
        "id" : 40,
        "name" : "Растровая графика",
        "degreeOfBelonging" : 10,
        "programId" : 30
      } ],
      "averageEstimation" : 0.0,
      "nameForPath" : "Photoshop",
      "winInstaller" : null,
      "linuxInstaller" : null,
      "macosInstaller" : null,
      "headerImg" : null,
      "screenshots" : null,
      "logo" : null,
      "headerUrl" : "/uploads/program/30/28c78396-6b95-464b-b365-e79baa682ee6_Adobe_Photoshop_CC_icon.svg.png",
      "isInCart" : false,
      "hasReview" : false,
      "isPurchased" : false,
      "pageUrl" : "/programs/30",
      "logoUrl" : "/uploads/program/30/28c78396-6b95-464b-b365-e79baa682ee6_Adobe_Photoshop_CC_icon.svg.png",
      "screenshotsUrls" : [ "/uploads/program/30/ed935fa8-651c-430e-b530-a1e533f43ebe_photoshop-1.png", "/uploads/program/30/9e3464f9-9853-4373-9c76-b6835d28a7da_photoshop-2.jpg", "/uploads/program/30/4649963c-5485-4e40-b1be-715dd6f675bc_photoshop-3.jpg", "/uploads/program/30/6d601c73-d415-416d-8721-3a7edb8f03db_photoshop-4.png", "/uploads/program/30/55a72676-448a-4816-a9c9-990fc45e5efb_photoshop-5.jpg", "/uploads/program/30/e5166ee1-774b-4a43-b686-d850286e587d_photoshop-6.jpg", "/uploads/program/30/072a2f72-4aba-4ac4-a963-56ab92b1a374_Photoshop-screenshot.JPG" ],
      "tagsAsString" : "Графический редактор, Фоторедактор, Дизайн, Растровая графика",
      "priceAsString" : "3999 руб."
    },
    "euclideanDistance" : 18.030224614352463
  }, {
    "program" : {
      "id" : 29,
      "name" : "Яндекс Браузер",
      "price" : 0.00,
      "fullDescription" : "Яндекс Браузер — это современный веб-браузер, разработанный компанией Яндекс. Он отличается высокой скоростью работы, благодаря Turbo-режиму, который ускоряет загрузку страниц при медленном интернете. Браузер интегрирован с сервисами Яндекса, включая поиск, почту, карты и диск. Ключевые функции: умная строка для быстрого поиска и перехода на сайты, голосовой поиск, синхронизация данных между устройствами, встроенный переводчик и защита от вредоносных сайтов. Подходит для пользователей, ценящих удобство и интеграцию с экосистемой Яндекса.",
      "developerId" : 1,
      "shortDescription" : "Яндекс Браузер — быстрый и удобный браузер с интеграцией сервисов Яндекса. Поддержка Turbo-режима, умной строки, голосового поиска и синхронизации данных.",
      "categories" : [ {
        "id" : 22,
        "name" : "Браузер",
        "degreeOfBelonging" : 10,
        "programId" : 29
      }, {
        "id" : 48,
        "name" : "Интернет",
        "degreeOfBelonging" : 10,
        "programId" : 29
      }, {
        "id" : 28,
        "name" : "Мультимедиа-плеер",
        "degreeOfBelonging" : 5,
        "programId" : 29
      }, {
        "id" : 32,
        "name" : "Разработка ПО",
        "degreeOfBelonging" : 3,
        "programId" : 29
      } ],
      "averageEstimation" : 0.0,
      "nameForPath" : "Яндекс_Браузер",
      "winInstaller" : null,
      "linuxInstaller" : null,
      "macosInstaller" : null,
      "headerImg" : null,
      "screenshots" : null,
      "logo" : null,
      "headerUrl" : "/uploads/program/29/d48f7d8a-7a90-44a5-894d-0a06439a4449_Yandex_Browser_icon.svg.png",
      "isInCart" : false,
      "hasReview" : false,
      "isPurchased" : false,
      "pageUrl" : "/programs/29",
      "logoUrl" : "/uploads/program/29/d48f7d8a-7a90-44a5-894d-0a06439a4449_Yandex_Browser_icon.svg.png",
      "screenshotsUrls" : [ "/uploads/program/29/c5b5d17c-0ba3-42d6-a7c3-684dbc04687a_orig.png", "/uploads/program/29/f927d79d-57c0-4271-84ab-9e6dbc202afe_orig1.png", "/uploads/program/29/0499f36b-ebb5-45cb-81e1-d28e53e510ce_Screenshot_2023_Yandex.png", "/uploads/program/29/48ef8030-8184-4369-9e9b-f05b71eaea6e_screenshot-1.jpg", "/uploads/program/29/d9aaa389-db17-4533-afdd-49d44f2ae979_screenshot-3.png", "/uploads/program/29/a54b6743-8912-4dbe-8547-4438ee1c34b5_screenshot-6.png", "/uploads/program/29/7c39099b-f455-4ff4-b277-8e34f96429a3_screenshot-9.jpg", "/uploads/program/29/8fc38df2-0574-4f3a-853a-d7fa60e097c2_screenshot-10.png", "/uploads/program/29/e732e0bd-7d73-45d5-82d1-368f6b6cf34a_screenshot-13.png" ],
      "tagsAsString" : "Браузер, Интернет, Мультимедиа-плеер, Разработка ПО",
      "priceAsString" : "Бесплатно"
    },
    "euclideanDistance" : 15.299967308592572
  }, {
    "program" : {
      "id" : 26,
      "name" : "Audacity",
      "price" : 0.00,
      "fullDescription" : "Audacity — это бесплатное, кроссплатформенное программное обеспечение с открытым исходным кодом для редактирования и записи аудио. Программа позволяет записывать звук с микрофона или других источников, редактировать дорожки (обрезать, копировать, склеивать), применять эффекты (шумоподавление, эквалайзер, реверберация и др.) и работать с множеством аудиоформатов (WAV, MP3, FLAC и т.д.). Audacity поддерживает VST-плагины, многодорожечную запись и экспорт проектов. Широко используется музыкантами, подкастерами, звукорежиссерами и любителями для создания и обработки аудиоконтента.",
      "developerId" : 1,
      "shortDescription" : "Audacity — бесплатная программа для редактирования аудио. Подходит для записи, монтажа, обработки звука и применения эффектов. Поддерживает множество форматов и плагинов.",
      "categories" : [ {
        "id" : 20,
        "name" : "Аудиоредактор",
        "degreeOfBelonging" : 10,
        "programId" : 26
      }, {
        "id" : 28,
        "name" : "Мультимедиа-плеер",
        "degreeOfBelonging" : 5,
        "programId" : 26
      }, {
        "id" : 30,
        "name" : "Утилита",
        "degreeOfBelonging" : 4,
        "programId" : 26
      } ],
      "averageEstimation" : 0.0,
      "nameForPath" : "Audacity",
      "winInstaller" : null,
      "linuxInstaller" : null,
      "macosInstaller" : null,
      "headerImg" : null,
      "screenshots" : null,
      "logo" : null,
      "headerUrl" : "/uploads/program/26/c23c63b0-8118-4fa9-8ca9-dd2c929bab85_Audacity_Logo_nofilter.svg.png",
      "isInCart" : false,
      "hasReview" : false,
      "isPurchased" : false,
      "pageUrl" : "/programs/26",
      "logoUrl" : "/uploads/program/26/c23c63b0-8118-4fa9-8ca9-dd2c929bab85_Audacity_Logo_nofilter.svg.png",
      "screenshotsUrls" : [ "/uploads/program/26/21f8bd3a-ebc4-46b8-b13c-8e36cb23e1bb_a6033853e501a57002e2e1d6d8fbf2c6bef89e73.jpeg", "/uploads/program/26/a0a399e5-03a9-4146-a1c2-310b9f3aa4fe_Audacity_3.6_Screenshot.png", "/uploads/program/26/b53d9be7-6cdf-4202-aeae-9c5f3eb30320_Audacity_screenshot.png", "/uploads/program/26/b1fe26bd-7164-45e0-8bc9-3b1c1e1f72cd_Audacity-Screenshot.jpg" ],
      "tagsAsString" : "Аудиоредактор, Мультимедиа-плеер, Утилита",
      "priceAsString" : "Бесплатно"
    },
    "euclideanDistance" : 11.878089056914897
  }, {
    "program" : {
      "id" : 27,
      "name" : "VideoPad Video Editor",
      "price" : 0.00,
      "fullDescription" : "VideoPad Video Editor — это удобный видеоредактор для создания и монтажа видео. Программа позволяет обрезать и склеивать клипы, добавлять эффекты, переходы, текстовые титры, а также накладывать аудиодорожки и звуковые эффекты. VideoPad поддерживает работу с множеством видеоформатов, включая HD и 4K, и предоставляет возможность экспорта готовых проектов для загрузки на YouTube, DVD или других платформ. Подходит как для начинающих, так и для опытных пользователей благодаря интуитивному интерфейсу и широкому набору инструментов.",
      "developerId" : 1,
      "shortDescription" : "VideoPad Video Editor — программа для редактирования видео. Подходит для монтажа, добавления эффектов, переходов, титров и аудиодорожек. Экспорт в различные форматы.",
      "categories" : [ {
        "id" : 19,
        "name" : "Видеоредактор",
        "degreeOfBelonging" : 10,
        "programId" : 27
      }, {
        "id" : 39,
        "name" : "Графический редактор",
        "degreeOfBelonging" : 2,
        "programId" : 27
      }, {
        "id" : 28,
        "name" : "Мультимедиа-плеер",
        "degreeOfBelonging" : 3,
        "programId" : 27
      } ],
      "averageEstimation" : 0.0,
      "nameForPath" : "VideoPad_Video_Editor",
      "winInstaller" : null,
      "linuxInstaller" : null,
      "macosInstaller" : null,
      "headerImg" : null,
      "screenshots" : null,
      "logo" : null,
      "headerUrl" : "/uploads/program/27/abe2cbb8-ffb2-4fa8-808d-2f136857b078_Без имени.jpg",
      "isInCart" : false,
      "hasReview" : false,
      "isPurchased" : false,
      "pageUrl" : "/programs/27",
      "logoUrl" : "/uploads/program/27/abe2cbb8-ffb2-4fa8-808d-2f136857b078_Без имени.jpg",
      "screenshotsUrls" : [ "/uploads/program/27/385e15c1-beb2-4a59-820c-1d2e7dbd58ad_78062f44-5347-48f0-ac3a-48e87d2b5742.png", "/uploads/program/27/75c44702-9af2-41d0-b477-b9203c0fdffc_aaa.jpg.22396c558282a410cd19c302947dfd24.jpg", "/uploads/program/27/73f03753-082b-409a-bcf9-e3b1649ae484_apps.43698.13939617729822645.65531390-8993-4b0f-9801-d944553dccf4.jpg", "/uploads/program/27/bcda9daf-644d-4b74-a9eb-b7cfa0672ab6_hq720.jpg", "/uploads/program/27/82c59b69-9e8c-40bd-bbde-cb13917dc85c_videopad-video-editor-(free).png", "/uploads/program/27/690fbfe4-e939-438e-8447-e8caeaaeca44_vnw546E3uQNAeesQVhkR6W-1200-80.jpg" ],
      "tagsAsString" : "Видеоредактор, Графический редактор, Мультимедиа-плеер",
      "priceAsString" : "Бесплатно"
    },
    "euclideanDistance" : 10.455401223211908
  }, {
    "program" : {
      "id" : 28,
      "name" : "Blender",
      "price" : 0.00,
      "fullDescription" : "Blender — это мощное бесплатное программное обеспечение с открытым исходным кодом для 3D-моделирования, анимации, рендеринга, создания игр и визуальных эффектов. Программа включает инструменты для скульптинга, текстурирования, симуляции физики (дым, жидкости, ткани), анимации персонажей, монтажа видео и композитинга. Blender поддерживает множество форматов файлов и предоставляет гибкие настройки рендеринга, включая Cycles и Eevee. Широко используется художниками, дизайнерами, аниматорами и разработчиками игр благодаря своей универсальности и активному сообществу.",
      "developerId" : 1,
      "shortDescription" : "Blender — бесплатная программа для 3D-моделирования, анимации, визуализации и создания игр. Поддерживает скульптинг, симуляции, монтаж видео и композитинг.",
      "categories" : [ {
        "id" : 37,
        "name" : "3D-моделирование",
        "degreeOfBelonging" : 10,
        "programId" : 28
      }, {
        "id" : 39,
        "name" : "Графический редактор",
        "degreeOfBelonging" : 10,
        "programId" : 28
      }, {
        "id" : 40,
        "name" : "Растровая графика",
        "degreeOfBelonging" : 10,
        "programId" : 28
      }, {
        "id" : 47,
        "name" : "Разработка игр",
        "degreeOfBelonging" : 8,
        "programId" : 28
      } ],
      "averageEstimation" : 0.0,
      "nameForPath" : "Blender",
      "winInstaller" : null,
      "linuxInstaller" : null,
      "macosInstaller" : null,
      "headerImg" : null,
      "screenshots" : null,
      "logo" : null,
      "headerUrl" : "/uploads/program/28/fcc9aee9-8c12-403b-961e-bcd6ba37e508_Blender_logo_no_text.svg.png",
      "isInCart" : false,
      "hasReview" : false,
      "isPurchased" : false,
      "pageUrl" : "/programs/28",
      "logoUrl" : "/uploads/program/28/fcc9aee9-8c12-403b-961e-bcd6ba37e508_Blender_logo_no_text.svg.png",
      "screenshotsUrls" : [ "/uploads/program/28/96600cbd-7a22-48f4-8210-b538d1047b50_2b5da48c2255771643270fc592273338ee822245.jpeg", "/uploads/program/28/f12ffbc9-80e4-4b58-964a-ce6ebef38462_4voL6.png", "/uploads/program/28/9f3af6e8-362b-4203-ba63-4db292c821ac_5d421a5d64a95fab9aeb91813aea81db06ec02f0.png", "/uploads/program/28/544e0094-6b28-4d08-aa0e-9b79a220f9cd_9447f7f59a2c10fefcb15c6a2777ee2d391fb2e8.png", "/uploads/program/28/c95211c1-607f-44d5-a4bc-83285b751f7c_11051915122021_08fda0244b5397e030ee401fd2bea5b24f78a72b.jpg", "/uploads/program/28/64ec1514-7d1d-4f1e-8973-f509eb18169b_Blender_3.2.0_screenshot.png", "/uploads/program/28/5fd22e1c-1e3d-4514-aa17-e1969e825232_blender_421.png", "/uploads/program/28/c824a21b-7a5d-46fe-a301-8bbed5880ee5_snapshot-meshes.jpg" ],
      "tagsAsString" : "3D-моделирование, Графический редактор, Растровая графика, Разработка игр",
      "priceAsString" : "Бесплатно"
    },
    "euclideanDistance" : 19.08111631021627
  }, {
    "program" : {
      "id" : 25,
      "name" : "Excel",
      "price" : 1499.00,
      "fullDescription" : "Microsoft Excel — мощный инструмент для работы с электронными таблицами, входящий в пакет Microsoft Office. Программа позволяет организовывать, анализировать и визуализировать данные с помощью таблиц, формул, графиков и диаграмм. Excel поддерживает сложные математические, статистические и финансовые расчеты, а также предоставляет возможности для автоматизации задач с помощью макросов и VBA (Visual Basic for Applications). Широко используется в бизнесе, науке, образовании и личных целях для учета, отчетности, планирования и анализа данных.",
      "developerId" : 1,
      "shortDescription" : "Excel — программа для работы с электронными таблицами от Microsoft. Позволяет анализировать данные, создавать графики, выполнять расчеты и автоматизировать задачи. Подходит для бизнеса, учебы и личного использования.",
      "categories" : [ {
        "id" : 17,
        "name" : "Табличный процессор",
        "degreeOfBelonging" : 10,
        "programId" : 25
      }, {
        "id" : 18,
        "name" : "Офисное ПО",
        "degreeOfBelonging" : 10,
        "programId" : 25
      }, {
        "id" : 44,
        "name" : "Научное ПО",
        "degreeOfBelonging" : 6,
        "programId" : 25
      } ],
      "averageEstimation" : 0.0,
      "nameForPath" : "Excel",
      "winInstaller" : null,
      "linuxInstaller" : null,
      "macosInstaller" : null,
      "headerImg" : null,
      "screenshots" : null,
      "logo" : null,
      "headerUrl" : "/uploads/program/25/70917277-3bc4-43c1-a2a9-eab4d1d4df30_Microsoft_Excel_2013-2019_logo.svg.png",
      "isInCart" : false,
      "hasReview" : false,
      "isPurchased" : false,
      "pageUrl" : "/programs/25",
      "logoUrl" : "/uploads/program/25/70917277-3bc4-43c1-a2a9-eab4d1d4df30_Microsoft_Excel_2013-2019_logo.svg.png",
      "screenshotsUrls" : [ "/uploads/program/25/c3e34a1e-70e8-4749-a5c6-371872a5d20a_arrange-excel-files.png", "/uploads/program/25/0ffccb3f-346f-47ee-9db6-b7da444ba14f_images.jpg", "/uploads/program/25/5758ede6-d31d-433b-8f24-9db37beeb3ec_print-screen.jpg", "/uploads/program/25/672feced-9d4b-4fd6-9b95-c4ca264e398b_maxresdefault.jpg" ],
      "tagsAsString" : "Табличный процессор, Офисное ПО, Научное ПО",
      "priceAsString" : "1499 руб."
    },
    "euclideanDistance" : 15.303666462360294
  }, {
    "program" : {
      "id" : 24,
      "name" : "PowerPoint",
      "price" : 1499.00,
      "fullDescription" : "Microsoft PowerPoint — это мощное приложение для создания и проведения презентаций, входящее в пакет Microsoft Office. Оно позволяет пользователям создавать профессиональные слайд-шоу с использованием текста, изображений, графиков, диаграмм, видео и анимации.\\n\r\nСоздание слайдов:\r\n· Шаблоны для быстрого старта.\r\n· Настройка макетов слайдов (заголовки, текст, изображения).\r\nМультимедиа:\r\n· Вставка изображений, аудио и видео.\r\n· Анимация текста и объектов.\r\nДизайн:\r\n· Темы и стили для оформления презентаций.\r\n· Настройка цветов, шрифтов и эффектов.\r\nГрафики и диаграммы:\r\n· Создание визуализаций данных (столбчатые, круговые, линейные диаграммы).\r\nКоллаборация:\r\n· Совместная работа в реальном времени через облако (OneDrive, SharePoint).\r\n· Комментирование и рецензирование.\r\nПрезентация:\r\n· Режим докладчика с заметками.\r\n· Экспорт в PDF или видеоформат.",
      "developerId" : 1,
      "shortDescription" : "Microsoft PowerPoint — программа для создания презентаций. Позволяет добавлять слайды с текстом, изображениями, графиками и анимацией. Используется для бизнеса, образования и публичных выступлений.",
      "categories" : [ {
        "id" : 43,
        "name" : "Редактор презентаций",
        "degreeOfBelonging" : 10,
        "programId" : 24
      }, {
        "id" : 18,
        "name" : "Офисное ПО",
        "degreeOfBelonging" : 10,
        "programId" : 24
      }, {
        "id" : 36,
        "name" : "Дизайн",
        "degreeOfBelonging" : 3,
        "programId" : 24
      } ],
      "averageEstimation" : 0.0,
      "nameForPath" : "PowerPoint",
      "winInstaller" : null,
      "linuxInstaller" : null,
      "macosInstaller" : null,
      "headerImg" : null,
      "screenshots" : null,
      "logo" : null,
      "headerUrl" : "/uploads/program/24/43c3a4bd-df92-4202-8225-ed8c14aa6edd_Microsoft_Office_PowerPoint_(2019–present).svg.png",
      "isInCart" : false,
      "hasReview" : false,
      "isPurchased" : false,
      "pageUrl" : "/programs/24",
      "logoUrl" : "/uploads/program/24/43c3a4bd-df92-4202-8225-ed8c14aa6edd_Microsoft_Office_PowerPoint_(2019–present).svg.png",
      "screenshotsUrls" : [ "/uploads/program/24/1f7e5ca4-9999-4676-b087-2f3803f6a12b_01EN.png", "/uploads/program/24/6c1ae9da-85d4-4dde-bf42-4484851bc851_powerpoint-2023-powerpoint-load.png", "/uploads/program/24/d4238c9d-5ee6-4114-86fd-1baa5357df9f_powerpoint-2023-powerpoint-load-2.png", "/uploads/program/24/dbe92ae0-f202-44d1-bc56-feb7c4730dab_powerpoint-2023-powerpoint-load-3.png", "/uploads/program/24/88a2b705-5ec7-4bbc-a9fb-695f152d1d39_powerpoint-2023-powerpoint-load-4.png", "/uploads/program/24/df4464f5-b6ca-4ffc-ad61-26a02f2df5a7_powerpoint-designer.jpg" ],
      "tagsAsString" : "Редактор презентаций, Офисное ПО, Дизайн",
      "priceAsString" : "1499 руб."
    },
    "euclideanDistance" : 14.459910084229481
  }, {
    "program" : {
      "id" : 17,
      "name" : "Word",
      "price" : 1499.00,
      "fullDescription" : "Microsoft Word — это мощный текстовый редактор, который позволяет пользователям создавать, редактировать и форматировать документы различной сложности. Он входит в состав пакета Microsoft Office и является одной из самых популярных программ для работы с текстом.\n\nОсновные функции:\n1. Создание и редактирование текста:\n2. Поддержка различных шрифтов, размеров и стилей текста.\n3. Возможность выравнивания текста, создания списков и колонок.\n\nФорматирование документов:\n1. Использование стилей для заголовков, подзаголовков и основного текста.\n2. Настройка полей, отступов и интервалов.\n\nРабота с графикой:\n1. Вставка изображений, фигур, диаграмм и SmartArt.\n2. Возможность настройки обтекания текста вокруг графических элементов.\n\nТаблицы и диаграммы:\n1. Создание и форматирование таблиц.\n2. Вставка диаграмм (столбчатых, круговых, линейных и др.).\n\nКоллаборация:\n1. Совместная работа над документами в режиме реального времени через облако (OneDrive, SharePoint).\n2. Возможность комментирования и рецензирования.\n\nИнтеграция с другими программами:\n1. Совместимость с Excel, PowerPoint и другими приложениями Microsoft Office.\n2. Поддержка экспорта документов в форматы PDF, HTML, TXT и другие.\n\nДополнительные инструменты:\n1. Проверка орфографии и грамматики.\n2. Поиск и замена текста.\n3. Автоматическое создание оглавления и сносок.",
      "developerId" : 1,
      "shortDescription" : "Microsoft Word — это текстовый редактор, разработанный компанией Microsoft. Он является частью пакета Microsoft Office и используется для создания, редактирования и форматирования текстовых документов.",
      "categories" : [ {
        "id" : 16,
        "name" : "Текстовый редактор",
        "degreeOfBelonging" : 10,
        "programId" : 17
      }, {
        "id" : 18,
        "name" : "Офисное ПО",
        "degreeOfBelonging" : 10,
        "programId" : 17
      }, {
        "id" : 17,
        "name" : "Табличный процессор",
        "degreeOfBelonging" : 5,
        "programId" : 17
      }, {
        "id" : 35,
        "name" : "Читалка",
        "degreeOfBelonging" : 5,
        "programId" : 17
      } ],
      "averageEstimation" : 5.0,
      "nameForPath" : "Word",
      "winInstaller" : null,
      "linuxInstaller" : null,
      "macosInstaller" : null,
      "headerImg" : null,
      "screenshots" : null,
      "logo" : null,
      "headerUrl" : "/uploads/program/17/0128b0d5-d335-4e64-99d7-1c203138ed55_Microsoft_Office_Word_Logo_512px.png",
      "isInCart" : false,
      "hasReview" : false,
      "isPurchased" : false,
      "pageUrl" : "/programs/17",
      "logoUrl" : "/uploads/program/17/0128b0d5-d335-4e64-99d7-1c203138ed55_Microsoft_Office_Word_Logo_512px.png",
      "screenshotsUrls" : [ "/uploads/program/17/04fd4a23-3b0f-4a7b-acf6-2d03bc1dcee2_7d129359-4461-47d0-8b82-e0bf043f2e1a.png", "/uploads/program/17/eb0a368c-07d7-432b-b169-00941f73e4cc_microsoft-word-for-windows.png", "/uploads/program/17/e6f804d8-25e1-4c63-83f6-cbefd2bfd764_microsoft-word-mac.png", "/uploads/program/17/cc635c24-4929-41f0-9d5f-3b82949bb2d1_office-home-2024-screenshot-01.png", "/uploads/program/17/9ecd8a4a-4e37-47ec-b27d-b9f6777190ce_word_2024_copilot_1024x1024.png" ],
      "tagsAsString" : "Текстовый редактор, Офисное ПО, Табличный процессор, Читалка",
      "priceAsString" : "1499 руб."
    },
    "euclideanDistance" : 15.513060219693935
  } ],
  "dateTime" : "2025-03-13 10-59-56"
}